[2022-09-08T07:29:06.406] [TRACE] service.config - [getLayersStore] for user undefined
[2022-09-08T07:29:06.423] [TRACE] service.config - [getMapConfig] AD auth disabled. Getting the entire kommungis map config.
[2022-09-08T07:29:06.468] [TRACE] service.config - [getLayersStore] AD auth disabled. Returning the entire contents of layers store.
[2022-09-08T07:29:07.987] [TRACE] service.config - [getUserSpecificMaps] for undefined
[2022-09-08T07:29:07.987] [TRACE] service.config - [getAvailableMaps] invoked
[2022-09-08T07:29:07.993] [TRACE] service.config - [getMapConfig] AD auth disabled. Getting the entire kommungis map config.
[2022-09-08T07:29:08.006] [TRACE] service.config - [getMapConfig] AD auth disabled. Getting the entire map_1 map config.
[2022-09-08T07:29:57.997] [TRACE] service.config - [getLayersStore] for user undefined
[2022-09-08T07:29:58.005] [TRACE] service.config - [getMapConfig] AD auth disabled. Getting the entire kommungis map config.
[2022-09-08T07:29:58.035] [TRACE] service.config - [getLayersStore] AD auth disabled. Returning the entire contents of layers store.
[2022-09-08T07:29:59.499] [TRACE] service.config - [getUserSpecificMaps] for undefined
[2022-09-08T07:29:59.499] [TRACE] service.config - [getAvailableMaps] invoked
[2022-09-08T07:29:59.503] [TRACE] service.config - [getMapConfig] AD auth disabled. Getting the entire kommungis map config.
[2022-09-08T07:29:59.504] [TRACE] service.config - [getMapConfig] AD auth disabled. Getting the entire map_1 map config.
[2022-09-08T07:32:18.511] [TRACE] service.config - [getLayersStore] for user undefined
[2022-09-08T07:32:18.518] [TRACE] service.config - [getMapConfig] AD auth disabled. Getting the entire kommungis map config.
[2022-09-08T07:32:18.558] [TRACE] service.config - [getLayersStore] AD auth disabled. Returning the entire contents of layers store.
[2022-09-08T07:32:20.027] [TRACE] service.config - [getUserSpecificMaps] for undefined
[2022-09-08T07:32:20.027] [TRACE] service.config - [getAvailableMaps] invoked
[2022-09-08T07:32:20.032] [TRACE] service.config - [getMapConfig] AD auth disabled. Getting the entire kommungis map config.
[2022-09-08T07:32:20.034] [TRACE] service.config - [getMapConfig] AD auth disabled. Getting the entire map_1 map config.
[2022-09-08T07:34:22.599] [TRACE] service.config - [getLayersStore] for user undefined
[2022-09-08T07:34:22.610] [TRACE] service.config - [getMapConfig] AD auth disabled. Getting the entire kommungis map config.
[2022-09-08T07:34:22.649] [TRACE] service.config - [getLayersStore] AD auth disabled. Returning the entire contents of layers store.
[2022-09-08T07:34:24.227] [TRACE] service.config - [getUserSpecificMaps] for undefined
[2022-09-08T07:34:24.227] [TRACE] service.config - [getAvailableMaps] invoked
[2022-09-08T07:34:24.232] [TRACE] service.config - [getMapConfig] AD auth disabled. Getting the entire kommungis map config.
[2022-09-08T07:34:24.233] [TRACE] service.config - [getMapConfig] AD auth disabled. Getting the entire map_1 map config.
[2022-09-08T07:34:36.250] [TRACE] service.config - [getLayersStore] for user undefined
[2022-09-08T07:34:36.272] [TRACE] service.config - [getMapConfig] AD auth disabled. Getting the entire kommungis map config.
[2022-09-08T07:34:36.296] [TRACE] service.config - [getLayersStore] AD auth disabled. Returning the entire contents of layers store.
[2022-09-08T07:34:37.552] [TRACE] service.config - [getUserSpecificMaps] for undefined
[2022-09-08T07:34:37.552] [TRACE] service.config - [getAvailableMaps] invoked
[2022-09-08T07:34:37.556] [TRACE] service.config - [getMapConfig] AD auth disabled. Getting the entire kommungis map config.
[2022-09-08T07:34:37.557] [TRACE] service.config - [getMapConfig] AD auth disabled. Getting the entire map_1 map config.
[2022-09-08T07:34:52.311] [TRACE] service.config - [getLayersStore] for user undefined
[2022-09-08T07:34:52.320] [TRACE] service.config - [getMapConfig] AD auth disabled. Getting the entire kommungis map config.
[2022-09-08T07:34:52.352] [TRACE] service.config - [getLayersStore] AD auth disabled. Returning the entire contents of layers store.
[2022-09-08T07:34:53.497] [TRACE] service.config - [getUserSpecificMaps] for undefined
[2022-09-08T07:34:53.497] [TRACE] service.config - [getAvailableMaps] invoked
[2022-09-08T07:34:53.500] [TRACE] service.config - [getMapConfig] AD auth disabled. Getting the entire kommungis map config.
[2022-09-08T07:34:53.502] [TRACE] service.config - [getMapConfig] AD auth disabled. Getting the entire map_1 map config.
[2022-09-08T07:36:57.892] [TRACE] service.config - [getLayersStore] for user undefined
[2022-09-08T07:36:57.899] [TRACE] service.config - [getMapConfig] AD auth disabled. Getting the entire kommungis map config.
[2022-09-08T07:36:57.940] [TRACE] service.config - [getLayersStore] AD auth disabled. Returning the entire contents of layers store.
[2022-09-08T07:36:59.467] [TRACE] service.config - [getUserSpecificMaps] for undefined
[2022-09-08T07:36:59.468] [TRACE] service.config - [getAvailableMaps] invoked
[2022-09-08T07:36:59.474] [TRACE] service.config - [getMapConfig] AD auth disabled. Getting the entire kommungis map config.
[2022-09-08T07:36:59.476] [TRACE] service.config - [getMapConfig] AD auth disabled. Getting the entire map_1 map config.
[2022-09-08T07:37:10.090] [TRACE] service.config - [getLayersStore] for user undefined
[2022-09-08T07:37:10.097] [TRACE] service.config - [getMapConfig] AD auth disabled. Getting the entire kommungis map config.
[2022-09-08T07:37:10.128] [TRACE] service.config - [getLayersStore] AD auth disabled. Returning the entire contents of layers store.
[2022-09-08T07:37:11.342] [TRACE] service.config - [getUserSpecificMaps] for undefined
[2022-09-08T07:37:11.342] [TRACE] service.config - [getAvailableMaps] invoked
[2022-09-08T07:37:11.348] [TRACE] service.config - [getMapConfig] AD auth disabled. Getting the entire kommungis map config.
[2022-09-08T07:37:11.349] [TRACE] service.config - [getMapConfig] AD auth disabled. Getting the entire map_1 map config.
[2022-09-08T09:12:15.206] [INFO] service.auth - AD_LOOKUP_ACTIVE is set to 'false' in .env. Not enabling ActiveDirectory authentication.
[2022-09-08T09:12:15.490] [TRACE] service.config - Initiating ConfigService
[2022-09-08T09:12:15.510] [TRACE] service.config - Initiating ConfigServiceV2
[2022-09-08T09:12:15.566] [DEBUG] hajk - Process's current working directory:  C:\Users\olsv003\Projects\Hajk\new-backend
[2022-09-08T09:12:15.569] [TRACE] hajk.proxy - Setting up Hajk proxy "geoserver"
[2022-09-08T09:12:15.570] [INFO] hajk.proxy - [HPM] Proxy created: /  -> https://demo.geo-solutions.it/geoserver
[2022-09-08T09:12:15.571] [INFO] hajk.proxy - [HPM] Proxy rewrite rule created: "^/api/v1/proxy/geoserver" ~> ""
[2022-09-08T09:12:15.572] [TRACE] hajk.proxy - Setting up Hajk proxy "qgisserver"
[2022-09-08T09:12:15.572] [INFO] hajk.proxy - [HPM] Proxy created: /  -> http://qgis.example.com:8080
[2022-09-08T09:12:15.572] [INFO] hajk.proxy - [HPM] Proxy rewrite rule created: "^/api/v1/proxy/qgisserver" ~> ""
[2022-09-08T09:12:15.572] [INFO] hajk - FB_SERVICE_ACTIVE is set to '' in .env. Not enabling Sokigo FB Proxy
[2022-09-08T09:12:15.573] [INFO] hajk - FME_SERVER_ACTIVE is set to undefined in .env. Not enabling FME-server proxy
[2022-09-08T09:12:15.577] [TRACE] hajk.static - Setting up access to static directories…
[2022-09-08T09:12:15.577] [TRACE] hajk.static - Found following directories in 'static': admin, api-explorer
[2022-09-08T09:12:15.578] [INFO] hajk.static - Exposing 'admin' as a restricted directory. Allowed groups: GIS_ADMIN
[2022-09-08T09:12:15.578] [INFO] hajk.static - Exposing 'api-explorer' as unrestricted static directory.
[2022-09-08T09:12:15.597] [INFO] hajk - Server startup completed. Launched on port 3002. (http://localhost:3002)
[2022-09-08T10:27:56.406] [TRACE] service.config - [getLayersStore] for user undefined
[2022-09-08T10:27:56.426] [TRACE] service.config - [getMapConfig] AD auth disabled. Getting the entire kommungis map config.
[2022-09-08T10:27:56.464] [TRACE] service.config - [getLayersStore] AD auth disabled. Returning the entire contents of layers store.
[2022-09-08T10:27:57.712] [TRACE] service.config - [getUserSpecificMaps] for undefined
[2022-09-08T10:27:57.712] [TRACE] service.config - [getAvailableMaps] invoked
[2022-09-08T10:27:57.719] [TRACE] service.config - [getMapConfig] AD auth disabled. Getting the entire kommungis map config.
[2022-09-08T10:27:57.722] [TRACE] service.config - [getMapConfig] AD auth disabled. Getting the entire map_1 map config.
[2022-09-08T10:30:56.302] [TRACE] service.config - [getLayersStore] for user undefined
[2022-09-08T10:30:56.311] [TRACE] service.config - [getMapConfig] AD auth disabled. Getting the entire kommungis map config.
[2022-09-08T10:30:56.340] [TRACE] service.config - [getLayersStore] AD auth disabled. Returning the entire contents of layers store.
[2022-09-08T10:30:57.495] [TRACE] service.config - [getUserSpecificMaps] for undefined
[2022-09-08T10:30:57.495] [TRACE] service.config - [getAvailableMaps] invoked
[2022-09-08T10:30:57.500] [TRACE] service.config - [getMapConfig] AD auth disabled. Getting the entire kommungis map config.
[2022-09-08T10:30:57.501] [TRACE] service.config - [getMapConfig] AD auth disabled. Getting the entire map_1 map config.
[2022-09-08T10:43:33.541] [TRACE] service.config - [getLayersStore] for user undefined
[2022-09-08T10:43:33.550] [TRACE] service.config - [getMapConfig] AD auth disabled. Getting the entire kommungis map config.
[2022-09-08T10:43:33.585] [TRACE] service.config - [getLayersStore] AD auth disabled. Returning the entire contents of layers store.
[2022-09-08T10:43:35.020] [TRACE] service.config - [getUserSpecificMaps] for undefined
[2022-09-08T10:43:35.020] [TRACE] service.config - [getAvailableMaps] invoked
[2022-09-08T10:43:35.028] [TRACE] service.config - [getMapConfig] AD auth disabled. Getting the entire kommungis map config.
[2022-09-08T10:43:35.030] [TRACE] service.config - [getMapConfig] AD auth disabled. Getting the entire map_1 map config.
[2022-09-08T10:45:38.896] [TRACE] service.config - [getLayersStore] for user undefined
[2022-09-08T10:45:38.905] [TRACE] service.config - [getMapConfig] AD auth disabled. Getting the entire kommungis map config.
[2022-09-08T10:45:38.942] [TRACE] service.config - [getLayersStore] AD auth disabled. Returning the entire contents of layers store.
[2022-09-08T10:45:40.471] [TRACE] service.config - [getUserSpecificMaps] for undefined
[2022-09-08T10:45:40.472] [TRACE] service.config - [getAvailableMaps] invoked
[2022-09-08T10:45:40.476] [TRACE] service.config - [getMapConfig] AD auth disabled. Getting the entire kommungis map config.
[2022-09-08T10:45:40.477] [TRACE] service.config - [getMapConfig] AD auth disabled. Getting the entire map_1 map config.
[2022-09-08T10:46:06.755] [TRACE] service.config - [getLayersStore] for user undefined
[2022-09-08T10:46:06.763] [TRACE] service.config - [getMapConfig] AD auth disabled. Getting the entire kommungis map config.
[2022-09-08T10:46:06.802] [TRACE] service.config - [getLayersStore] AD auth disabled. Returning the entire contents of layers store.
[2022-09-08T10:46:08.018] [TRACE] service.config - [getUserSpecificMaps] for undefined
[2022-09-08T10:46:08.019] [TRACE] service.config - [getAvailableMaps] invoked
[2022-09-08T10:46:08.024] [TRACE] service.config - [getMapConfig] AD auth disabled. Getting the entire kommungis map config.
[2022-09-08T10:46:08.025] [TRACE] service.config - [getMapConfig] AD auth disabled. Getting the entire map_1 map config.
[2022-09-08T10:46:27.104] [TRACE] service.config - [getLayersStore] for user undefined
[2022-09-08T10:46:27.113] [TRACE] service.config - [getMapConfig] AD auth disabled. Getting the entire kommungis map config.
[2022-09-08T10:46:27.144] [TRACE] service.config - [getLayersStore] AD auth disabled. Returning the entire contents of layers store.
[2022-09-08T10:46:28.484] [TRACE] service.config - [getUserSpecificMaps] for undefined
[2022-09-08T10:46:28.484] [TRACE] service.config - [getAvailableMaps] invoked
[2022-09-08T10:46:28.488] [TRACE] service.config - [getMapConfig] AD auth disabled. Getting the entire kommungis map config.
[2022-09-08T10:46:28.490] [TRACE] service.config - [getMapConfig] AD auth disabled. Getting the entire map_1 map config.
[2022-09-08T10:47:38.603] [TRACE] service.config - [getLayersStore] for user undefined
[2022-09-08T10:47:38.609] [TRACE] service.config - [getMapConfig] AD auth disabled. Getting the entire kommungis map config.
[2022-09-08T10:47:38.644] [TRACE] service.config - [getLayersStore] AD auth disabled. Returning the entire contents of layers store.
[2022-09-08T10:47:39.914] [TRACE] service.config - [getUserSpecificMaps] for undefined
[2022-09-08T10:47:39.914] [TRACE] service.config - [getAvailableMaps] invoked
[2022-09-08T10:47:39.919] [TRACE] service.config - [getMapConfig] AD auth disabled. Getting the entire kommungis map config.
[2022-09-08T10:47:39.920] [TRACE] service.config - [getMapConfig] AD auth disabled. Getting the entire map_1 map config.
[2022-09-08T10:48:19.233] [TRACE] service.config - [getLayersStore] for user undefined
[2022-09-08T10:48:19.245] [TRACE] service.config - [getMapConfig] AD auth disabled. Getting the entire kommungis map config.
[2022-09-08T10:48:19.280] [TRACE] service.config - [getLayersStore] AD auth disabled. Returning the entire contents of layers store.
[2022-09-08T10:48:20.975] [TRACE] service.config - [getUserSpecificMaps] for undefined
[2022-09-08T10:48:20.975] [TRACE] service.config - [getAvailableMaps] invoked
[2022-09-08T10:48:20.979] [TRACE] service.config - [getMapConfig] AD auth disabled. Getting the entire kommungis map config.
[2022-09-08T10:48:20.981] [TRACE] service.config - [getMapConfig] AD auth disabled. Getting the entire map_1 map config.
[2022-09-08T10:49:16.901] [TRACE] service.config - [getLayersStore] for user undefined
[2022-09-08T10:49:16.909] [TRACE] service.config - [getMapConfig] AD auth disabled. Getting the entire kommungis map config.
[2022-09-08T10:49:16.951] [TRACE] service.config - [getLayersStore] AD auth disabled. Returning the entire contents of layers store.
[2022-09-08T10:49:18.501] [TRACE] service.config - [getUserSpecificMaps] for undefined
[2022-09-08T10:49:18.501] [TRACE] service.config - [getAvailableMaps] invoked
[2022-09-08T10:49:18.505] [TRACE] service.config - [getMapConfig] AD auth disabled. Getting the entire kommungis map config.
[2022-09-08T10:49:18.506] [TRACE] service.config - [getMapConfig] AD auth disabled. Getting the entire map_1 map config.
[2022-09-08T10:51:57.190] [TRACE] service.config - [getLayersStore] for user undefined
[2022-09-08T10:51:57.199] [TRACE] service.config - [getMapConfig] AD auth disabled. Getting the entire kommungis map config.
[2022-09-08T10:51:57.234] [TRACE] service.config - [getLayersStore] AD auth disabled. Returning the entire contents of layers store.
[2022-09-08T10:51:58.749] [TRACE] service.config - [getUserSpecificMaps] for undefined
[2022-09-08T10:51:58.750] [TRACE] service.config - [getAvailableMaps] invoked
[2022-09-08T10:51:58.754] [TRACE] service.config - [getMapConfig] AD auth disabled. Getting the entire kommungis map config.
[2022-09-08T10:51:58.756] [TRACE] service.config - [getMapConfig] AD auth disabled. Getting the entire map_1 map config.
[2022-09-08T10:53:23.044] [TRACE] service.config - [getLayersStore] for user undefined
[2022-09-08T10:53:23.053] [TRACE] service.config - [getMapConfig] AD auth disabled. Getting the entire kommungis map config.
[2022-09-08T10:53:23.097] [TRACE] service.config - [getLayersStore] AD auth disabled. Returning the entire contents of layers store.
[2022-09-08T10:53:24.712] [TRACE] service.config - [getUserSpecificMaps] for undefined
[2022-09-08T10:53:24.713] [TRACE] service.config - [getAvailableMaps] invoked
[2022-09-08T10:53:24.716] [TRACE] service.config - [getMapConfig] AD auth disabled. Getting the entire kommungis map config.
[2022-09-08T10:53:24.718] [TRACE] service.config - [getMapConfig] AD auth disabled. Getting the entire map_1 map config.
[2022-09-08T10:58:11.802] [TRACE] service.config - [getLayersStore] for user undefined
[2022-09-08T10:58:11.813] [TRACE] service.config - [getMapConfig] AD auth disabled. Getting the entire kommungis map config.
[2022-09-08T10:58:11.851] [TRACE] service.config - [getLayersStore] AD auth disabled. Returning the entire contents of layers store.
[2022-09-08T10:58:13.666] [TRACE] service.config - [getUserSpecificMaps] for undefined
[2022-09-08T10:58:13.666] [TRACE] service.config - [getAvailableMaps] invoked
[2022-09-08T10:58:13.670] [TRACE] service.config - [getMapConfig] AD auth disabled. Getting the entire kommungis map config.
[2022-09-08T10:58:13.671] [TRACE] service.config - [getMapConfig] AD auth disabled. Getting the entire map_1 map config.
[2022-09-08T11:00:52.524] [TRACE] service.config - [getLayersStore] for user undefined
[2022-09-08T11:00:52.533] [TRACE] service.config - [getMapConfig] AD auth disabled. Getting the entire kommungis map config.
[2022-09-08T11:00:52.573] [TRACE] service.config - [getLayersStore] AD auth disabled. Returning the entire contents of layers store.
[2022-09-08T11:00:54.365] [TRACE] service.config - [getUserSpecificMaps] for undefined
[2022-09-08T11:00:54.365] [TRACE] service.config - [getAvailableMaps] invoked
[2022-09-08T11:00:54.369] [TRACE] service.config - [getMapConfig] AD auth disabled. Getting the entire kommungis map config.
[2022-09-08T11:00:54.370] [TRACE] service.config - [getMapConfig] AD auth disabled. Getting the entire map_1 map config.
[2022-09-08T11:04:35.199] [TRACE] service.config - [getLayersStore] for user undefined
[2022-09-08T11:04:35.210] [TRACE] service.config - [getMapConfig] AD auth disabled. Getting the entire kommungis map config.
[2022-09-08T11:04:35.255] [TRACE] service.config - [getLayersStore] AD auth disabled. Returning the entire contents of layers store.
[2022-09-08T11:04:36.815] [TRACE] service.config - [getUserSpecificMaps] for undefined
[2022-09-08T11:04:36.815] [TRACE] service.config - [getAvailableMaps] invoked
[2022-09-08T11:04:36.818] [TRACE] service.config - [getMapConfig] AD auth disabled. Getting the entire kommungis map config.
[2022-09-08T11:04:36.820] [TRACE] service.config - [getMapConfig] AD auth disabled. Getting the entire map_1 map config.
[2022-09-08T11:04:59.926] [TRACE] service.config - [getLayersStore] for user undefined
[2022-09-08T11:04:59.934] [TRACE] service.config - [getMapConfig] AD auth disabled. Getting the entire kommungis map config.
[2022-09-08T11:04:59.976] [TRACE] service.config - [getLayersStore] AD auth disabled. Returning the entire contents of layers store.
[2022-09-08T11:05:01.576] [TRACE] service.config - [getUserSpecificMaps] for undefined
[2022-09-08T11:05:01.577] [TRACE] service.config - [getAvailableMaps] invoked
[2022-09-08T11:05:01.581] [TRACE] service.config - [getMapConfig] AD auth disabled. Getting the entire kommungis map config.
[2022-09-08T11:05:01.583] [TRACE] service.config - [getMapConfig] AD auth disabled. Getting the entire map_1 map config.
[2022-09-08T11:05:54.719] [TRACE] service.config - [getLayersStore] for user undefined
[2022-09-08T11:05:54.727] [TRACE] service.config - [getMapConfig] AD auth disabled. Getting the entire kommungis map config.
[2022-09-08T11:05:54.761] [TRACE] service.config - [getLayersStore] AD auth disabled. Returning the entire contents of layers store.
[2022-09-08T11:05:56.576] [TRACE] service.config - [getUserSpecificMaps] for undefined
[2022-09-08T11:05:56.576] [TRACE] service.config - [getAvailableMaps] invoked
[2022-09-08T11:05:56.582] [TRACE] service.config - [getMapConfig] AD auth disabled. Getting the entire kommungis map config.
[2022-09-08T11:05:56.583] [TRACE] service.config - [getMapConfig] AD auth disabled. Getting the entire map_1 map config.
[2022-09-08T11:06:18.633] [TRACE] service.config - [getLayersStore] for user undefined
[2022-09-08T11:06:18.637] [TRACE] service.config - [getMapConfig] AD auth disabled. Getting the entire kommungis map config.
[2022-09-08T11:06:18.677] [TRACE] service.config - [getLayersStore] AD auth disabled. Returning the entire contents of layers store.
[2022-09-08T11:06:20.472] [TRACE] service.config - [getUserSpecificMaps] for undefined
[2022-09-08T11:06:20.472] [TRACE] service.config - [getAvailableMaps] invoked
[2022-09-08T11:06:20.476] [TRACE] service.config - [getMapConfig] AD auth disabled. Getting the entire kommungis map config.
[2022-09-08T11:06:20.477] [TRACE] service.config - [getMapConfig] AD auth disabled. Getting the entire map_1 map config.
[2022-09-08T11:10:57.183] [TRACE] service.config - [getLayersStore] for user undefined
[2022-09-08T11:10:57.193] [TRACE] service.config - [getMapConfig] AD auth disabled. Getting the entire kommungis map config.
[2022-09-08T11:10:57.230] [TRACE] service.config - [getLayersStore] AD auth disabled. Returning the entire contents of layers store.
[2022-09-08T11:10:58.876] [TRACE] service.config - [getUserSpecificMaps] for undefined
[2022-09-08T11:10:58.876] [TRACE] service.config - [getAvailableMaps] invoked
[2022-09-08T11:10:58.879] [TRACE] service.config - [getMapConfig] AD auth disabled. Getting the entire kommungis map config.
[2022-09-08T11:10:58.881] [TRACE] service.config - [getMapConfig] AD auth disabled. Getting the entire map_1 map config.
[2022-09-08T11:11:40.517] [TRACE] service.config - [getLayersStore] for user undefined
[2022-09-08T11:11:40.524] [TRACE] service.config - [getMapConfig] AD auth disabled. Getting the entire kommungis map config.
[2022-09-08T11:11:40.567] [TRACE] service.config - [getLayersStore] AD auth disabled. Returning the entire contents of layers store.
[2022-09-08T11:11:42.115] [TRACE] service.config - [getUserSpecificMaps] for undefined
[2022-09-08T11:11:42.115] [TRACE] service.config - [getAvailableMaps] invoked
[2022-09-08T11:11:42.119] [TRACE] service.config - [getMapConfig] AD auth disabled. Getting the entire kommungis map config.
[2022-09-08T11:11:42.121] [TRACE] service.config - [getMapConfig] AD auth disabled. Getting the entire map_1 map config.
[2022-09-08T11:11:51.192] [TRACE] service.config - [getLayersStore] for user undefined
[2022-09-08T11:11:51.203] [TRACE] service.config - [getMapConfig] AD auth disabled. Getting the entire kommungis map config.
[2022-09-08T11:11:51.240] [TRACE] service.config - [getLayersStore] AD auth disabled. Returning the entire contents of layers store.
[2022-09-08T11:11:52.747] [TRACE] service.config - [getUserSpecificMaps] for undefined
[2022-09-08T11:11:52.748] [TRACE] service.config - [getAvailableMaps] invoked
[2022-09-08T11:11:52.751] [TRACE] service.config - [getMapConfig] AD auth disabled. Getting the entire kommungis map config.
[2022-09-08T11:11:52.753] [TRACE] service.config - [getMapConfig] AD auth disabled. Getting the entire map_1 map config.
[2022-09-08T11:14:29.621] [TRACE] service.config - [getLayersStore] for user undefined
[2022-09-08T11:14:29.628] [TRACE] service.config - [getMapConfig] AD auth disabled. Getting the entire kommungis map config.
[2022-09-08T11:14:29.672] [TRACE] service.config - [getLayersStore] AD auth disabled. Returning the entire contents of layers store.
[2022-09-08T11:14:37.065] [TRACE] service.config - [getUserSpecificMaps] for undefined
[2022-09-08T11:14:37.065] [TRACE] service.config - [getAvailableMaps] invoked
[2022-09-08T11:14:37.070] [TRACE] service.config - [getMapConfig] AD auth disabled. Getting the entire kommungis map config.
[2022-09-08T11:14:37.071] [TRACE] service.config - [getMapConfig] AD auth disabled. Getting the entire map_1 map config.
[2022-09-08T11:14:42.125] [TRACE] service.config - [getLayersStore] for user undefined
[2022-09-08T11:14:42.135] [TRACE] service.config - [getMapConfig] AD auth disabled. Getting the entire kommungis map config.
[2022-09-08T11:14:42.169] [TRACE] service.config - [getLayersStore] AD auth disabled. Returning the entire contents of layers store.
[2022-09-08T11:14:43.880] [TRACE] service.config - [getUserSpecificMaps] for undefined
[2022-09-08T11:14:43.880] [TRACE] service.config - [getAvailableMaps] invoked
[2022-09-08T11:14:43.886] [TRACE] service.config - [getMapConfig] AD auth disabled. Getting the entire kommungis map config.
[2022-09-08T11:14:43.888] [TRACE] service.config - [getMapConfig] AD auth disabled. Getting the entire map_1 map config.
[2022-09-08T11:15:17.424] [TRACE] service.config - [getLayersStore] for user undefined
[2022-09-08T11:15:17.433] [TRACE] service.config - [getMapConfig] AD auth disabled. Getting the entire kommungis map config.
[2022-09-08T11:15:17.464] [TRACE] service.config - [getLayersStore] AD auth disabled. Returning the entire contents of layers store.
[2022-09-08T11:15:19.121] [TRACE] service.config - [getUserSpecificMaps] for undefined
[2022-09-08T11:15:19.122] [TRACE] service.config - [getAvailableMaps] invoked
[2022-09-08T11:15:19.127] [TRACE] service.config - [getMapConfig] AD auth disabled. Getting the entire kommungis map config.
[2022-09-08T11:15:19.128] [TRACE] service.config - [getMapConfig] AD auth disabled. Getting the entire map_1 map config.
[2022-09-08T11:22:18.948] [TRACE] service.config - [getLayersStore] for user undefined
[2022-09-08T11:22:18.957] [TRACE] service.config - [getMapConfig] AD auth disabled. Getting the entire kommungis map config.
[2022-09-08T11:22:18.993] [TRACE] service.config - [getLayersStore] AD auth disabled. Returning the entire contents of layers store.
[2022-09-08T11:22:20.561] [TRACE] service.config - [getUserSpecificMaps] for undefined
[2022-09-08T11:22:20.561] [TRACE] service.config - [getAvailableMaps] invoked
[2022-09-08T11:22:20.565] [TRACE] service.config - [getMapConfig] AD auth disabled. Getting the entire kommungis map config.
[2022-09-08T11:22:20.567] [TRACE] service.config - [getMapConfig] AD auth disabled. Getting the entire map_1 map config.
[2022-09-08T11:24:29.228] [TRACE] service.config - [getLayersStore] for user undefined
[2022-09-08T11:24:29.236] [TRACE] service.config - [getMapConfig] AD auth disabled. Getting the entire kommungis map config.
[2022-09-08T11:24:29.267] [TRACE] service.config - [getLayersStore] AD auth disabled. Returning the entire contents of layers store.
[2022-09-08T11:24:30.848] [TRACE] service.config - [getUserSpecificMaps] for undefined
[2022-09-08T11:24:30.848] [TRACE] service.config - [getAvailableMaps] invoked
[2022-09-08T11:24:30.853] [TRACE] service.config - [getMapConfig] AD auth disabled. Getting the entire kommungis map config.
[2022-09-08T11:24:30.855] [TRACE] service.config - [getMapConfig] AD auth disabled. Getting the entire map_1 map config.
[2022-09-08T11:25:20.828] [TRACE] service.config - [getLayersStore] for user undefined
[2022-09-08T11:25:20.834] [TRACE] service.config - [getMapConfig] AD auth disabled. Getting the entire kommungis map config.
[2022-09-08T11:25:20.873] [TRACE] service.config - [getLayersStore] AD auth disabled. Returning the entire contents of layers store.
[2022-09-08T11:25:22.409] [TRACE] service.config - [getUserSpecificMaps] for undefined
[2022-09-08T11:25:22.409] [TRACE] service.config - [getAvailableMaps] invoked
[2022-09-08T11:25:22.413] [TRACE] service.config - [getMapConfig] AD auth disabled. Getting the entire kommungis map config.
[2022-09-08T11:25:22.414] [TRACE] service.config - [getMapConfig] AD auth disabled. Getting the entire map_1 map config.
[2022-09-08T11:25:51.335] [TRACE] service.config - [getLayersStore] for user undefined
[2022-09-08T11:25:51.345] [TRACE] service.config - [getMapConfig] AD auth disabled. Getting the entire kommungis map config.
[2022-09-08T11:25:51.391] [TRACE] service.config - [getLayersStore] AD auth disabled. Returning the entire contents of layers store.
[2022-09-08T11:25:52.856] [TRACE] service.config - [getUserSpecificMaps] for undefined
[2022-09-08T11:25:52.857] [TRACE] service.config - [getAvailableMaps] invoked
[2022-09-08T11:25:52.860] [TRACE] service.config - [getMapConfig] AD auth disabled. Getting the entire kommungis map config.
[2022-09-08T11:25:52.862] [TRACE] service.config - [getMapConfig] AD auth disabled. Getting the entire map_1 map config.
[2022-09-08T11:26:41.185] [TRACE] service.config - [getLayersStore] for user undefined
[2022-09-08T11:26:41.190] [TRACE] service.config - [getMapConfig] AD auth disabled. Getting the entire kommungis map config.
[2022-09-08T11:26:41.227] [TRACE] service.config - [getLayersStore] AD auth disabled. Returning the entire contents of layers store.
[2022-09-08T11:26:42.777] [TRACE] service.config - [getUserSpecificMaps] for undefined
[2022-09-08T11:26:42.777] [TRACE] service.config - [getAvailableMaps] invoked
[2022-09-08T11:26:42.781] [TRACE] service.config - [getMapConfig] AD auth disabled. Getting the entire kommungis map config.
[2022-09-08T11:26:42.782] [TRACE] service.config - [getMapConfig] AD auth disabled. Getting the entire map_1 map config.
[2022-09-08T11:28:48.000] [TRACE] service.config - [getLayersStore] for user undefined
[2022-09-08T11:28:48.010] [TRACE] service.config - [getMapConfig] AD auth disabled. Getting the entire kommungis map config.
[2022-09-08T11:28:48.048] [TRACE] service.config - [getLayersStore] AD auth disabled. Returning the entire contents of layers store.
[2022-09-08T11:28:49.664] [TRACE] service.config - [getUserSpecificMaps] for undefined
[2022-09-08T11:28:49.664] [TRACE] service.config - [getAvailableMaps] invoked
[2022-09-08T11:28:49.667] [TRACE] service.config - [getMapConfig] AD auth disabled. Getting the entire kommungis map config.
[2022-09-08T11:28:49.669] [TRACE] service.config - [getMapConfig] AD auth disabled. Getting the entire map_1 map config.
[2022-09-08T11:29:57.373] [TRACE] service.config - [getLayersStore] for user undefined
[2022-09-08T11:29:57.381] [TRACE] service.config - [getMapConfig] AD auth disabled. Getting the entire kommungis map config.
[2022-09-08T11:29:57.421] [TRACE] service.config - [getLayersStore] AD auth disabled. Returning the entire contents of layers store.
[2022-09-08T11:29:58.912] [TRACE] service.config - [getUserSpecificMaps] for undefined
[2022-09-08T11:29:58.913] [TRACE] service.config - [getAvailableMaps] invoked
[2022-09-08T11:29:58.917] [TRACE] service.config - [getMapConfig] AD auth disabled. Getting the entire kommungis map config.
[2022-09-08T11:29:58.918] [TRACE] service.config - [getMapConfig] AD auth disabled. Getting the entire map_1 map config.
[2022-09-08T11:30:44.301] [TRACE] service.config - [getLayersStore] for user undefined
[2022-09-08T11:30:44.309] [TRACE] service.config - [getMapConfig] AD auth disabled. Getting the entire kommungis map config.
[2022-09-08T11:30:44.340] [TRACE] service.config - [getLayersStore] AD auth disabled. Returning the entire contents of layers store.
[2022-09-08T11:30:45.806] [TRACE] service.config - [getUserSpecificMaps] for undefined
[2022-09-08T11:30:45.806] [TRACE] service.config - [getAvailableMaps] invoked
[2022-09-08T11:30:45.810] [TRACE] service.config - [getMapConfig] AD auth disabled. Getting the entire kommungis map config.
[2022-09-08T11:30:45.811] [TRACE] service.config - [getMapConfig] AD auth disabled. Getting the entire map_1 map config.
[2022-09-08T11:31:29.277] [TRACE] service.config - [getLayersStore] for user undefined
[2022-09-08T11:31:29.286] [TRACE] service.config - [getMapConfig] AD auth disabled. Getting the entire kommungis map config.
[2022-09-08T11:31:29.328] [TRACE] service.config - [getLayersStore] AD auth disabled. Returning the entire contents of layers store.
[2022-09-08T11:31:31.030] [TRACE] service.config - [getUserSpecificMaps] for undefined
[2022-09-08T11:31:31.031] [TRACE] service.config - [getAvailableMaps] invoked
[2022-09-08T11:31:31.034] [TRACE] service.config - [getMapConfig] AD auth disabled. Getting the entire kommungis map config.
[2022-09-08T11:31:31.036] [TRACE] service.config - [getMapConfig] AD auth disabled. Getting the entire map_1 map config.
[2022-09-08T11:33:03.653] [TRACE] service.config - [getLayersStore] for user undefined
[2022-09-08T11:33:03.665] [TRACE] service.config - [getMapConfig] AD auth disabled. Getting the entire kommungis map config.
[2022-09-08T11:33:03.699] [TRACE] service.config - [getLayersStore] AD auth disabled. Returning the entire contents of layers store.
[2022-09-08T11:33:05.233] [TRACE] service.config - [getUserSpecificMaps] for undefined
[2022-09-08T11:33:05.233] [TRACE] service.config - [getAvailableMaps] invoked
[2022-09-08T11:33:05.237] [TRACE] service.config - [getMapConfig] AD auth disabled. Getting the entire kommungis map config.
[2022-09-08T11:33:05.238] [TRACE] service.config - [getMapConfig] AD auth disabled. Getting the entire map_1 map config.
[2022-09-08T12:49:22.243] [TRACE] service.config - [getLayersStore] for user undefined
[2022-09-08T12:49:22.252] [TRACE] service.config - [getMapConfig] AD auth disabled. Getting the entire kommungis map config.
[2022-09-08T12:49:22.292] [TRACE] service.config - [getLayersStore] AD auth disabled. Returning the entire contents of layers store.
[2022-09-08T12:49:23.840] [TRACE] service.config - [getUserSpecificMaps] for undefined
[2022-09-08T12:49:23.841] [TRACE] service.config - [getAvailableMaps] invoked
[2022-09-08T12:49:23.845] [TRACE] service.config - [getMapConfig] AD auth disabled. Getting the entire kommungis map config.
[2022-09-08T12:49:23.847] [TRACE] service.config - [getMapConfig] AD auth disabled. Getting the entire map_1 map config.
[2022-09-08T12:50:54.562] [TRACE] service.config - [getLayersStore] for user undefined
[2022-09-08T12:50:54.574] [TRACE] service.config - [getMapConfig] AD auth disabled. Getting the entire kommungis map config.
[2022-09-08T12:50:54.608] [TRACE] service.config - [getLayersStore] AD auth disabled. Returning the entire contents of layers store.
[2022-09-08T12:50:56.082] [TRACE] service.config - [getUserSpecificMaps] for undefined
[2022-09-08T12:50:56.083] [TRACE] service.config - [getAvailableMaps] invoked
[2022-09-08T12:50:56.086] [TRACE] service.config - [getMapConfig] AD auth disabled. Getting the entire kommungis map config.
[2022-09-08T12:50:56.087] [TRACE] service.config - [getMapConfig] AD auth disabled. Getting the entire map_1 map config.
[2022-09-08T12:53:30.232] [TRACE] service.config - [getLayersStore] for user undefined
[2022-09-08T12:53:30.242] [TRACE] service.config - [getMapConfig] AD auth disabled. Getting the entire kommungis map config.
[2022-09-08T12:53:30.281] [TRACE] service.config - [getLayersStore] AD auth disabled. Returning the entire contents of layers store.
[2022-09-08T12:53:31.764] [TRACE] service.config - [getUserSpecificMaps] for undefined
[2022-09-08T12:53:31.764] [TRACE] service.config - [getAvailableMaps] invoked
[2022-09-08T12:53:31.768] [TRACE] service.config - [getMapConfig] AD auth disabled. Getting the entire kommungis map config.
[2022-09-08T12:53:31.769] [TRACE] service.config - [getMapConfig] AD auth disabled. Getting the entire map_1 map config.
[2022-09-08T12:56:35.381] [TRACE] service.config - [getLayersStore] for user undefined
[2022-09-08T12:56:35.391] [TRACE] service.config - [getMapConfig] AD auth disabled. Getting the entire kommungis map config.
[2022-09-08T12:56:35.428] [TRACE] service.config - [getLayersStore] AD auth disabled. Returning the entire contents of layers store.
[2022-09-08T12:56:37.003] [TRACE] service.config - [getUserSpecificMaps] for undefined
[2022-09-08T12:56:37.003] [TRACE] service.config - [getAvailableMaps] invoked
[2022-09-08T12:56:37.007] [TRACE] service.config - [getMapConfig] AD auth disabled. Getting the entire kommungis map config.
[2022-09-08T12:56:37.009] [TRACE] service.config - [getMapConfig] AD auth disabled. Getting the entire map_1 map config.
[2022-09-08T12:57:24.354] [TRACE] service.config - [getLayersStore] for user undefined
[2022-09-08T12:57:24.364] [TRACE] service.config - [getMapConfig] AD auth disabled. Getting the entire kommungis map config.
[2022-09-08T12:57:24.405] [TRACE] service.config - [getLayersStore] AD auth disabled. Returning the entire contents of layers store.
[2022-09-08T12:57:27.961] [TRACE] service.config - [getUserSpecificMaps] for undefined
[2022-09-08T12:57:27.961] [TRACE] service.config - [getAvailableMaps] invoked
[2022-09-08T12:57:27.965] [TRACE] service.config - [getMapConfig] AD auth disabled. Getting the entire kommungis map config.
[2022-09-08T12:57:27.967] [TRACE] service.config - [getMapConfig] AD auth disabled. Getting the entire map_1 map config.
[2022-09-08T13:12:39.367] [TRACE] service.config - [getLayersStore] for user undefined
[2022-09-08T13:12:39.372] [TRACE] service.config - [getMapConfig] AD auth disabled. Getting the entire kommungis map config.
[2022-09-08T13:12:39.411] [TRACE] service.config - [getLayersStore] AD auth disabled. Returning the entire contents of layers store.
[2022-09-08T13:12:41.028] [TRACE] service.config - [getUserSpecificMaps] for undefined
[2022-09-08T13:12:41.028] [TRACE] service.config - [getAvailableMaps] invoked
[2022-09-08T13:12:41.031] [TRACE] service.config - [getMapConfig] AD auth disabled. Getting the entire kommungis map config.
[2022-09-08T13:12:41.033] [TRACE] service.config - [getMapConfig] AD auth disabled. Getting the entire map_1 map config.
[2022-09-08T13:16:37.441] [TRACE] service.config - [getLayersStore] for user undefined
[2022-09-08T13:16:37.451] [TRACE] service.config - [getMapConfig] AD auth disabled. Getting the entire kommungis map config.
[2022-09-08T13:16:37.495] [TRACE] service.config - [getLayersStore] AD auth disabled. Returning the entire contents of layers store.
[2022-09-08T13:16:39.300] [TRACE] service.config - [getUserSpecificMaps] for undefined
[2022-09-08T13:16:39.300] [TRACE] service.config - [getAvailableMaps] invoked
[2022-09-08T13:16:39.305] [TRACE] service.config - [getMapConfig] AD auth disabled. Getting the entire kommungis map config.
[2022-09-08T13:16:39.307] [TRACE] service.config - [getMapConfig] AD auth disabled. Getting the entire map_1 map config.
[2022-09-08T13:18:48.078] [TRACE] service.config - [getLayersStore] for user undefined
[2022-09-08T13:18:48.089] [TRACE] service.config - [getMapConfig] AD auth disabled. Getting the entire kommungis map config.
[2022-09-08T13:18:48.122] [TRACE] service.config - [getLayersStore] AD auth disabled. Returning the entire contents of layers store.
[2022-09-08T13:18:49.634] [TRACE] service.config - [getUserSpecificMaps] for undefined
[2022-09-08T13:18:49.634] [TRACE] service.config - [getAvailableMaps] invoked
[2022-09-08T13:18:49.637] [TRACE] service.config - [getMapConfig] AD auth disabled. Getting the entire kommungis map config.
[2022-09-08T13:18:49.639] [TRACE] service.config - [getMapConfig] AD auth disabled. Getting the entire map_1 map config.
[2022-09-08T13:18:58.571] [TRACE] service.config - [getLayersStore] for user undefined
[2022-09-08T13:18:58.576] [TRACE] service.config - [getMapConfig] AD auth disabled. Getting the entire kommungis map config.
[2022-09-08T13:18:58.614] [TRACE] service.config - [getLayersStore] AD auth disabled. Returning the entire contents of layers store.
[2022-09-08T13:19:00.271] [TRACE] service.config - [getUserSpecificMaps] for undefined
[2022-09-08T13:19:00.271] [TRACE] service.config - [getAvailableMaps] invoked
[2022-09-08T13:19:00.274] [TRACE] service.config - [getMapConfig] AD auth disabled. Getting the entire kommungis map config.
[2022-09-08T13:19:00.275] [TRACE] service.config - [getMapConfig] AD auth disabled. Getting the entire map_1 map config.
[2022-09-08T13:30:09.598] [TRACE] service.config - [getLayersStore] for user undefined
[2022-09-08T13:30:09.608] [TRACE] service.config - [getMapConfig] AD auth disabled. Getting the entire kommungis map config.
[2022-09-08T13:30:09.652] [TRACE] service.config - [getLayersStore] AD auth disabled. Returning the entire contents of layers store.
[2022-09-08T13:30:11.543] [TRACE] service.config - [getUserSpecificMaps] for undefined
[2022-09-08T13:30:11.544] [TRACE] service.config - [getAvailableMaps] invoked
[2022-09-08T13:30:11.549] [TRACE] service.config - [getMapConfig] AD auth disabled. Getting the entire kommungis map config.
[2022-09-08T13:30:11.551] [TRACE] service.config - [getMapConfig] AD auth disabled. Getting the entire map_1 map config.
[2022-09-08T13:30:26.076] [TRACE] service.config - [getLayersStore] for user undefined
[2022-09-08T13:30:26.084] [TRACE] service.config - [getMapConfig] AD auth disabled. Getting the entire kommungis map config.
[2022-09-08T13:30:26.126] [TRACE] service.config - [getLayersStore] AD auth disabled. Returning the entire contents of layers store.
[2022-09-08T13:30:27.792] [TRACE] service.config - [getUserSpecificMaps] for undefined
[2022-09-08T13:30:27.792] [TRACE] service.config - [getAvailableMaps] invoked
[2022-09-08T13:30:27.797] [TRACE] service.config - [getMapConfig] AD auth disabled. Getting the entire kommungis map config.
[2022-09-08T13:30:27.799] [TRACE] service.config - [getMapConfig] AD auth disabled. Getting the entire map_1 map config.
[2022-09-08T13:32:52.857] [TRACE] service.config - [getLayersStore] for user undefined
[2022-09-08T13:32:52.867] [TRACE] service.config - [getMapConfig] AD auth disabled. Getting the entire kommungis map config.
[2022-09-08T13:32:52.907] [TRACE] service.config - [getLayersStore] AD auth disabled. Returning the entire contents of layers store.
[2022-09-08T13:32:54.575] [TRACE] service.config - [getUserSpecificMaps] for undefined
[2022-09-08T13:32:54.575] [TRACE] service.config - [getAvailableMaps] invoked
[2022-09-08T13:32:54.579] [TRACE] service.config - [getMapConfig] AD auth disabled. Getting the entire kommungis map config.
[2022-09-08T13:32:54.580] [TRACE] service.config - [getMapConfig] AD auth disabled. Getting the entire map_1 map config.
[2022-09-08T13:48:47.612] [TRACE] service.config - [getLayersStore] for user undefined
[2022-09-08T13:48:47.619] [TRACE] service.config - [getMapConfig] AD auth disabled. Getting the entire kommungis map config.
[2022-09-08T13:48:47.656] [TRACE] service.config - [getLayersStore] AD auth disabled. Returning the entire contents of layers store.
[2022-09-08T13:48:48.875] [TRACE] service.config - [getUserSpecificMaps] for undefined
[2022-09-08T13:48:48.876] [TRACE] service.config - [getAvailableMaps] invoked
[2022-09-08T13:48:48.879] [TRACE] service.config - [getMapConfig] AD auth disabled. Getting the entire kommungis map config.
[2022-09-08T13:48:48.881] [TRACE] service.config - [getMapConfig] AD auth disabled. Getting the entire map_1 map config.
[2022-09-08T13:54:29.063] [TRACE] service.config - [getLayersStore] for user undefined
[2022-09-08T13:54:29.073] [TRACE] service.config - [getMapConfig] AD auth disabled. Getting the entire kommungis map config.
[2022-09-08T13:54:29.108] [TRACE] service.config - [getLayersStore] AD auth disabled. Returning the entire contents of layers store.
[2022-09-08T13:54:30.738] [TRACE] service.config - [getUserSpecificMaps] for undefined
[2022-09-08T13:54:30.738] [TRACE] service.config - [getAvailableMaps] invoked
[2022-09-08T13:54:30.743] [TRACE] service.config - [getMapConfig] AD auth disabled. Getting the entire kommungis map config.
[2022-09-08T13:54:30.744] [TRACE] service.config - [getMapConfig] AD auth disabled. Getting the entire map_1 map config.
[2022-09-08T13:58:35.167] [TRACE] service.config - [getLayersStore] for user undefined
[2022-09-08T13:58:35.174] [TRACE] service.config - [getMapConfig] AD auth disabled. Getting the entire kommungis map config.
[2022-09-08T13:58:35.219] [TRACE] service.config - [getLayersStore] AD auth disabled. Returning the entire contents of layers store.
[2022-09-08T13:58:36.890] [TRACE] service.config - [getUserSpecificMaps] for undefined
[2022-09-08T13:58:36.890] [TRACE] service.config - [getAvailableMaps] invoked
[2022-09-08T13:58:36.894] [TRACE] service.config - [getMapConfig] AD auth disabled. Getting the entire kommungis map config.
[2022-09-08T13:58:36.896] [TRACE] service.config - [getMapConfig] AD auth disabled. Getting the entire map_1 map config.
[2022-09-08T14:00:02.515] [TRACE] service.config - [getLayersStore] for user undefined
[2022-09-08T14:00:02.529] [TRACE] service.config - [getMapConfig] AD auth disabled. Getting the entire kommungis map config.
[2022-09-08T14:00:02.571] [TRACE] service.config - [getLayersStore] AD auth disabled. Returning the entire contents of layers store.
[2022-09-08T14:00:04.129] [TRACE] service.config - [getUserSpecificMaps] for undefined
[2022-09-08T14:00:04.129] [TRACE] service.config - [getAvailableMaps] invoked
[2022-09-08T14:00:04.133] [TRACE] service.config - [getMapConfig] AD auth disabled. Getting the entire kommungis map config.
[2022-09-08T14:00:04.135] [TRACE] service.config - [getMapConfig] AD auth disabled. Getting the entire map_1 map config.
[2022-09-08T14:02:41.110] [TRACE] service.config - [getLayersStore] for user undefined
[2022-09-08T14:02:41.117] [TRACE] service.config - [getMapConfig] AD auth disabled. Getting the entire kommungis map config.
[2022-09-08T14:02:41.156] [TRACE] service.config - [getLayersStore] AD auth disabled. Returning the entire contents of layers store.
[2022-09-08T14:02:42.786] [TRACE] service.config - [getUserSpecificMaps] for undefined
[2022-09-08T14:02:42.786] [TRACE] service.config - [getAvailableMaps] invoked
[2022-09-08T14:02:42.790] [TRACE] service.config - [getMapConfig] AD auth disabled. Getting the entire kommungis map config.
[2022-09-08T14:02:42.791] [TRACE] service.config - [getMapConfig] AD auth disabled. Getting the entire map_1 map config.
[2022-09-08T14:03:35.047] [TRACE] service.config - [getLayersStore] for user undefined
[2022-09-08T14:03:35.084] [TRACE] service.config - [getLayersStore] AD auth disabled. Returning the entire contents of layers store.
[2022-09-08T14:03:35.134] [TRACE] service.config - [getMapConfig] AD auth disabled. Getting the entire kommungis map config.
[2022-09-08T14:03:40.572] [TRACE] service.config - [getUserSpecificMaps] for undefined
[2022-09-08T14:03:40.572] [TRACE] service.config - [getAvailableMaps] invoked
[2022-09-08T14:03:40.577] [TRACE] service.config - [getMapConfig] AD auth disabled. Getting the entire kommungis map config.
[2022-09-08T14:03:40.578] [TRACE] service.config - [getMapConfig] AD auth disabled. Getting the entire map_1 map config.
[2022-09-08T14:03:44.773] [TRACE] service.config - [getLayersStore] for user undefined
[2022-09-08T14:03:44.781] [TRACE] service.config - [getMapConfig] AD auth disabled. Getting the entire kommungis map config.
[2022-09-08T14:03:44.814] [TRACE] service.config - [getLayersStore] AD auth disabled. Returning the entire contents of layers store.
[2022-09-08T14:03:46.291] [TRACE] service.config - [getUserSpecificMaps] for undefined
[2022-09-08T14:03:46.291] [TRACE] service.config - [getAvailableMaps] invoked
[2022-09-08T14:03:46.296] [TRACE] service.config - [getMapConfig] AD auth disabled. Getting the entire kommungis map config.
[2022-09-08T14:03:46.297] [TRACE] service.config - [getMapConfig] AD auth disabled. Getting the entire map_1 map config.
[2022-09-08T14:04:17.026] [TRACE] service.config - [getLayersStore] for user undefined
[2022-09-08T14:04:17.033] [TRACE] service.config - [getMapConfig] AD auth disabled. Getting the entire kommungis map config.
[2022-09-08T14:04:17.062] [TRACE] service.config - [getLayersStore] AD auth disabled. Returning the entire contents of layers store.
[2022-09-08T14:04:18.612] [TRACE] service.config - [getUserSpecificMaps] for undefined
[2022-09-08T14:04:18.612] [TRACE] service.config - [getAvailableMaps] invoked
[2022-09-08T14:04:18.618] [TRACE] service.config - [getMapConfig] AD auth disabled. Getting the entire kommungis map config.
[2022-09-08T14:04:18.619] [TRACE] service.config - [getMapConfig] AD auth disabled. Getting the entire map_1 map config.
[2022-09-08T14:07:05.909] [TRACE] service.config - [getLayersStore] for user undefined
[2022-09-08T14:07:05.917] [TRACE] service.config - [getMapConfig] AD auth disabled. Getting the entire kommungis map config.
[2022-09-08T14:07:05.958] [TRACE] service.config - [getLayersStore] AD auth disabled. Returning the entire contents of layers store.
[2022-09-08T14:07:07.903] [TRACE] service.config - [getUserSpecificMaps] for undefined
[2022-09-08T14:07:07.904] [TRACE] service.config - [getAvailableMaps] invoked
[2022-09-08T14:07:07.910] [TRACE] service.config - [getMapConfig] AD auth disabled. Getting the entire kommungis map config.
[2022-09-08T14:07:07.912] [TRACE] service.config - [getMapConfig] AD auth disabled. Getting the entire map_1 map config.
[2022-09-08T14:07:15.551] [TRACE] service.config - [getLayersStore] for user undefined
[2022-09-08T14:07:15.559] [TRACE] service.config - [getMapConfig] AD auth disabled. Getting the entire kommungis map config.
[2022-09-08T14:07:15.594] [TRACE] service.config - [getLayersStore] AD auth disabled. Returning the entire contents of layers store.
[2022-09-08T14:07:17.335] [TRACE] service.config - [getUserSpecificMaps] for undefined
[2022-09-08T14:07:17.335] [TRACE] service.config - [getAvailableMaps] invoked
[2022-09-08T14:07:17.338] [TRACE] service.config - [getMapConfig] AD auth disabled. Getting the entire kommungis map config.
[2022-09-08T14:07:17.340] [TRACE] service.config - [getMapConfig] AD auth disabled. Getting the entire map_1 map config.
[2022-09-08T14:08:21.339] [TRACE] service.config - [getLayersStore] for user undefined
[2022-09-08T14:08:21.347] [TRACE] service.config - [getMapConfig] AD auth disabled. Getting the entire kommungis map config.
[2022-09-08T14:08:21.401] [TRACE] service.config - [getLayersStore] AD auth disabled. Returning the entire contents of layers store.
[2022-09-08T14:08:23.210] [TRACE] service.config - [getUserSpecificMaps] for undefined
[2022-09-08T14:08:23.210] [TRACE] service.config - [getAvailableMaps] invoked
[2022-09-08T14:08:23.214] [TRACE] service.config - [getMapConfig] AD auth disabled. Getting the entire kommungis map config.
[2022-09-08T14:08:23.217] [TRACE] service.config - [getMapConfig] AD auth disabled. Getting the entire map_1 map config.
[2022-09-08T14:08:31.864] [TRACE] service.config - [getLayersStore] for user undefined
[2022-09-08T14:08:31.872] [TRACE] service.config - [getMapConfig] AD auth disabled. Getting the entire kommungis map config.
[2022-09-08T14:08:31.901] [TRACE] service.config - [getLayersStore] AD auth disabled. Returning the entire contents of layers store.
[2022-09-08T14:08:33.471] [TRACE] service.config - [getUserSpecificMaps] for undefined
[2022-09-08T14:08:33.471] [TRACE] service.config - [getAvailableMaps] invoked
[2022-09-08T14:08:33.476] [TRACE] service.config - [getMapConfig] AD auth disabled. Getting the entire kommungis map config.
[2022-09-08T14:08:33.478] [TRACE] service.config - [getMapConfig] AD auth disabled. Getting the entire map_1 map config.
[2022-09-08T14:08:42.535] [TRACE] service.config - [getLayersStore] for user undefined
[2022-09-08T14:08:42.541] [TRACE] service.config - [getMapConfig] AD auth disabled. Getting the entire kommungis map config.
[2022-09-08T14:08:42.580] [TRACE] service.config - [getLayersStore] AD auth disabled. Returning the entire contents of layers store.
[2022-09-08T14:08:44.453] [TRACE] service.config - [getUserSpecificMaps] for undefined
[2022-09-08T14:08:44.453] [TRACE] service.config - [getAvailableMaps] invoked
[2022-09-08T14:08:44.457] [TRACE] service.config - [getMapConfig] AD auth disabled. Getting the entire kommungis map config.
[2022-09-08T14:08:44.458] [TRACE] service.config - [getMapConfig] AD auth disabled. Getting the entire map_1 map config.
[2022-09-08T14:09:11.516] [TRACE] service.config - [getLayersStore] for user undefined
[2022-09-08T14:09:11.524] [TRACE] service.config - [getMapConfig] AD auth disabled. Getting the entire kommungis map config.
[2022-09-08T14:09:11.572] [TRACE] service.config - [getLayersStore] AD auth disabled. Returning the entire contents of layers store.
[2022-09-08T14:09:13.304] [TRACE] service.config - [getUserSpecificMaps] for undefined
[2022-09-08T14:09:13.304] [TRACE] service.config - [getAvailableMaps] invoked
[2022-09-08T14:09:13.309] [TRACE] service.config - [getMapConfig] AD auth disabled. Getting the entire kommungis map config.
[2022-09-08T14:09:13.312] [TRACE] service.config - [getMapConfig] AD auth disabled. Getting the entire map_1 map config.
[2022-09-08T14:14:44.164] [TRACE] service.config - [getLayersStore] for user undefined
[2022-09-08T14:14:44.172] [TRACE] service.config - [getMapConfig] AD auth disabled. Getting the entire kommungis map config.
[2022-09-08T14:14:44.211] [TRACE] service.config - [getLayersStore] AD auth disabled. Returning the entire contents of layers store.
[2022-09-08T14:14:45.861] [TRACE] service.config - [getUserSpecificMaps] for undefined
[2022-09-08T14:14:45.862] [TRACE] service.config - [getAvailableMaps] invoked
[2022-09-08T14:14:45.868] [TRACE] service.config - [getMapConfig] AD auth disabled. Getting the entire kommungis map config.
[2022-09-08T14:14:45.870] [TRACE] service.config - [getMapConfig] AD auth disabled. Getting the entire map_1 map config.
[2022-09-08T14:14:54.272] [TRACE] service.config - [getLayersStore] for user undefined
[2022-09-08T14:14:54.278] [TRACE] service.config - [getMapConfig] AD auth disabled. Getting the entire kommungis map config.
[2022-09-08T14:14:54.323] [TRACE] service.config - [getLayersStore] AD auth disabled. Returning the entire contents of layers store.
[2022-09-08T14:14:56.264] [TRACE] service.config - [getUserSpecificMaps] for undefined
[2022-09-08T14:14:56.264] [TRACE] service.config - [getAvailableMaps] invoked
[2022-09-08T14:14:56.268] [TRACE] service.config - [getMapConfig] AD auth disabled. Getting the entire kommungis map config.
[2022-09-08T14:14:56.270] [TRACE] service.config - [getMapConfig] AD auth disabled. Getting the entire map_1 map config.
[2022-09-08T14:18:11.523] [TRACE] service.config - [getLayersStore] for user undefined
[2022-09-08T14:18:11.533] [TRACE] service.config - [getMapConfig] AD auth disabled. Getting the entire kommungis map config.
[2022-09-08T14:18:11.569] [TRACE] service.config - [getLayersStore] AD auth disabled. Returning the entire contents of layers store.
[2022-09-08T14:18:13.373] [TRACE] service.config - [getUserSpecificMaps] for undefined
[2022-09-08T14:18:13.373] [TRACE] service.config - [getAvailableMaps] invoked
[2022-09-08T14:18:13.378] [TRACE] service.config - [getMapConfig] AD auth disabled. Getting the entire kommungis map config.
[2022-09-08T14:18:13.380] [TRACE] service.config - [getMapConfig] AD auth disabled. Getting the entire map_1 map config.
[2022-09-08T14:18:27.361] [TRACE] service.config - [getLayersStore] for user undefined
[2022-09-08T14:18:27.418] [TRACE] service.config - [getLayersStore] AD auth disabled. Returning the entire contents of layers store.
[2022-09-08T14:18:27.475] [TRACE] service.config - [getMapConfig] AD auth disabled. Getting the entire kommungis map config.
[2022-09-08T14:18:29.221] [TRACE] service.config - [getUserSpecificMaps] for undefined
[2022-09-08T14:18:29.221] [TRACE] service.config - [getAvailableMaps] invoked
[2022-09-08T14:18:29.225] [TRACE] service.config - [getMapConfig] AD auth disabled. Getting the entire kommungis map config.
[2022-09-08T14:18:29.227] [TRACE] service.config - [getMapConfig] AD auth disabled. Getting the entire map_1 map config.
[2022-09-08T14:20:04.403] [TRACE] service.config - [getLayersStore] for user undefined
[2022-09-08T14:20:04.415] [TRACE] service.config - [getMapConfig] AD auth disabled. Getting the entire kommungis map config.
[2022-09-08T14:20:04.449] [TRACE] service.config - [getLayersStore] AD auth disabled. Returning the entire contents of layers store.
[2022-09-08T14:20:06.219] [TRACE] service.config - [getUserSpecificMaps] for undefined
[2022-09-08T14:20:06.219] [TRACE] service.config - [getAvailableMaps] invoked
[2022-09-08T14:20:06.223] [TRACE] service.config - [getMapConfig] AD auth disabled. Getting the entire kommungis map config.
[2022-09-08T14:20:06.225] [TRACE] service.config - [getMapConfig] AD auth disabled. Getting the entire map_1 map config.
[2022-09-08T14:21:23.148] [TRACE] service.config - [getLayersStore] for user undefined
[2022-09-08T14:21:23.157] [TRACE] service.config - [getMapConfig] AD auth disabled. Getting the entire kommungis map config.
[2022-09-08T14:21:23.199] [TRACE] service.config - [getLayersStore] AD auth disabled. Returning the entire contents of layers store.
[2022-09-08T14:21:24.714] [TRACE] service.config - [getUserSpecificMaps] for undefined
[2022-09-08T14:21:24.714] [TRACE] service.config - [getAvailableMaps] invoked
[2022-09-08T14:21:24.718] [TRACE] service.config - [getMapConfig] AD auth disabled. Getting the entire kommungis map config.
[2022-09-08T14:21:24.719] [TRACE] service.config - [getMapConfig] AD auth disabled. Getting the entire map_1 map config.
[2022-09-08T14:22:24.576] [TRACE] service.config - [getLayersStore] for user undefined
[2022-09-08T14:22:24.584] [TRACE] service.config - [getMapConfig] AD auth disabled. Getting the entire kommungis map config.
[2022-09-08T14:22:24.620] [TRACE] service.config - [getLayersStore] AD auth disabled. Returning the entire contents of layers store.
[2022-09-08T14:22:26.398] [TRACE] service.config - [getUserSpecificMaps] for undefined
[2022-09-08T14:22:26.399] [TRACE] service.config - [getAvailableMaps] invoked
[2022-09-08T14:22:26.402] [TRACE] service.config - [getMapConfig] AD auth disabled. Getting the entire kommungis map config.
[2022-09-08T14:22:26.404] [TRACE] service.config - [getMapConfig] AD auth disabled. Getting the entire map_1 map config.
[2022-09-08T14:25:18.519] [TRACE] service.config - [getLayersStore] for user undefined
[2022-09-08T14:25:18.529] [TRACE] service.config - [getMapConfig] AD auth disabled. Getting the entire kommungis map config.
[2022-09-08T14:25:18.573] [TRACE] service.config - [getLayersStore] AD auth disabled. Returning the entire contents of layers store.
[2022-09-08T14:25:20.161] [TRACE] service.config - [getUserSpecificMaps] for undefined
[2022-09-08T14:25:20.162] [TRACE] service.config - [getAvailableMaps] invoked
[2022-09-08T14:25:20.167] [TRACE] service.config - [getMapConfig] AD auth disabled. Getting the entire kommungis map config.
[2022-09-08T14:25:20.168] [TRACE] service.config - [getMapConfig] AD auth disabled. Getting the entire map_1 map config.
[2022-09-08T14:26:44.552] [TRACE] service.config - [getLayersStore] for user undefined
[2022-09-08T14:26:44.561] [TRACE] service.config - [getMapConfig] AD auth disabled. Getting the entire kommungis map config.
[2022-09-08T14:26:44.595] [TRACE] service.config - [getLayersStore] AD auth disabled. Returning the entire contents of layers store.
[2022-09-08T14:26:46.230] [TRACE] service.config - [getUserSpecificMaps] for undefined
[2022-09-08T14:26:46.230] [TRACE] service.config - [getAvailableMaps] invoked
[2022-09-08T14:26:46.233] [TRACE] service.config - [getMapConfig] AD auth disabled. Getting the entire kommungis map config.
[2022-09-08T14:26:46.234] [TRACE] service.config - [getMapConfig] AD auth disabled. Getting the entire map_1 map config.
[2022-09-08T14:27:09.638] [TRACE] service.config - [getLayersStore] for user undefined
[2022-09-08T14:27:09.646] [TRACE] service.config - [getMapConfig] AD auth disabled. Getting the entire kommungis map config.
[2022-09-08T14:27:09.691] [TRACE] service.config - [getLayersStore] AD auth disabled. Returning the entire contents of layers store.
[2022-09-08T14:27:11.220] [TRACE] service.config - [getUserSpecificMaps] for undefined
[2022-09-08T14:27:11.220] [TRACE] service.config - [getAvailableMaps] invoked
[2022-09-08T14:27:11.224] [TRACE] service.config - [getMapConfig] AD auth disabled. Getting the entire kommungis map config.
[2022-09-08T14:27:11.226] [TRACE] service.config - [getMapConfig] AD auth disabled. Getting the entire map_1 map config.
[2022-09-08T14:30:06.278] [TRACE] service.config - [getLayersStore] for user undefined
[2022-09-08T14:30:06.289] [TRACE] service.config - [getMapConfig] AD auth disabled. Getting the entire kommungis map config.
[2022-09-08T14:30:06.321] [TRACE] service.config - [getLayersStore] AD auth disabled. Returning the entire contents of layers store.
[2022-09-08T14:30:07.883] [TRACE] service.config - [getUserSpecificMaps] for undefined
[2022-09-08T14:30:07.883] [TRACE] service.config - [getAvailableMaps] invoked
[2022-09-08T14:30:07.887] [TRACE] service.config - [getMapConfig] AD auth disabled. Getting the entire kommungis map config.
[2022-09-08T14:30:07.889] [TRACE] service.config - [getMapConfig] AD auth disabled. Getting the entire map_1 map config.
[2022-09-08T14:31:17.022] [TRACE] service.config - [getLayersStore] for user undefined
[2022-09-08T14:31:17.062] [TRACE] service.config - [getLayersStore] AD auth disabled. Returning the entire contents of layers store.
[2022-09-08T14:31:17.104] [TRACE] service.config - [getMapConfig] AD auth disabled. Getting the entire kommungis map config.
[2022-09-08T14:31:18.906] [TRACE] service.config - [getUserSpecificMaps] for undefined
[2022-09-08T14:31:18.906] [TRACE] service.config - [getAvailableMaps] invoked
[2022-09-08T14:31:18.909] [TRACE] service.config - [getMapConfig] AD auth disabled. Getting the entire kommungis map config.
[2022-09-08T14:31:18.911] [TRACE] service.config - [getMapConfig] AD auth disabled. Getting the entire map_1 map config.
[2022-09-08T14:32:35.662] [TRACE] service.config - [getLayersStore] for user undefined
[2022-09-08T14:32:35.670] [TRACE] service.config - [getMapConfig] AD auth disabled. Getting the entire kommungis map config.
[2022-09-08T14:32:35.707] [TRACE] service.config - [getLayersStore] AD auth disabled. Returning the entire contents of layers store.
[2022-09-08T14:32:37.800] [TRACE] service.config - [getUserSpecificMaps] for undefined
[2022-09-08T14:32:37.801] [TRACE] service.config - [getAvailableMaps] invoked
[2022-09-08T14:32:37.804] [TRACE] service.config - [getMapConfig] AD auth disabled. Getting the entire kommungis map config.
[2022-09-08T14:32:37.806] [TRACE] service.config - [getMapConfig] AD auth disabled. Getting the entire map_1 map config.
[2022-09-08T15:25:37.231] [TRACE] service.config - [getLayersStore] for user undefined
[2022-09-08T15:25:37.239] [TRACE] service.config - [getMapConfig] AD auth disabled. Getting the entire kommungis map config.
[2022-09-08T15:25:37.287] [TRACE] service.config - [getLayersStore] AD auth disabled. Returning the entire contents of layers store.
[2022-09-08T15:25:38.977] [TRACE] service.config - [getUserSpecificMaps] for undefined
[2022-09-08T15:25:38.977] [TRACE] service.config - [getAvailableMaps] invoked
[2022-09-08T15:25:38.981] [TRACE] service.config - [getMapConfig] AD auth disabled. Getting the entire kommungis map config.
[2022-09-08T15:25:38.983] [TRACE] service.config - [getMapConfig] AD auth disabled. Getting the entire map_1 map config.
[2022-09-08T15:25:56.175] [TRACE] service.config - [getLayersStore] for user undefined
[2022-09-08T15:25:56.184] [TRACE] service.config - [getMapConfig] AD auth disabled. Getting the entire kommungis map config.
[2022-09-08T15:25:56.220] [TRACE] service.config - [getLayersStore] AD auth disabled. Returning the entire contents of layers store.
[2022-09-08T15:25:57.914] [TRACE] service.config - [getUserSpecificMaps] for undefined
[2022-09-08T15:25:57.914] [TRACE] service.config - [getAvailableMaps] invoked
[2022-09-08T15:25:57.918] [TRACE] service.config - [getMapConfig] AD auth disabled. Getting the entire kommungis map config.
[2022-09-08T15:25:57.919] [TRACE] service.config - [getMapConfig] AD auth disabled. Getting the entire map_1 map config.
[2022-09-08T15:26:56.905] [TRACE] service.config - [getLayersStore] for user undefined
[2022-09-08T15:26:56.912] [TRACE] service.config - [getMapConfig] AD auth disabled. Getting the entire kommungis map config.
[2022-09-08T15:26:56.946] [TRACE] service.config - [getLayersStore] AD auth disabled. Returning the entire contents of layers store.
[2022-09-08T15:26:58.764] [TRACE] service.config - [getUserSpecificMaps] for undefined
[2022-09-08T15:26:58.764] [TRACE] service.config - [getAvailableMaps] invoked
[2022-09-08T15:26:58.768] [TRACE] service.config - [getMapConfig] AD auth disabled. Getting the entire kommungis map config.
[2022-09-08T15:26:58.770] [TRACE] service.config - [getMapConfig] AD auth disabled. Getting the entire map_1 map config.
[2022-09-08T15:27:08.980] [TRACE] service.config - [getLayersStore] for user undefined
[2022-09-08T15:27:08.991] [TRACE] service.config - [getMapConfig] AD auth disabled. Getting the entire kommungis map config.
[2022-09-08T15:27:09.036] [TRACE] service.config - [getLayersStore] AD auth disabled. Returning the entire contents of layers store.
[2022-09-08T15:27:10.653] [TRACE] service.config - [getUserSpecificMaps] for undefined
[2022-09-08T15:27:10.654] [TRACE] service.config - [getAvailableMaps] invoked
[2022-09-08T15:27:10.658] [TRACE] service.config - [getMapConfig] AD auth disabled. Getting the entire kommungis map config.
[2022-09-08T15:27:10.659] [TRACE] service.config - [getMapConfig] AD auth disabled. Getting the entire map_1 map config.
[2022-09-08T15:28:06.704] [TRACE] service.config - [getLayersStore] for user undefined
[2022-09-08T15:28:06.711] [TRACE] service.config - [getMapConfig] AD auth disabled. Getting the entire kommungis map config.
[2022-09-08T15:28:06.757] [TRACE] service.config - [getLayersStore] AD auth disabled. Returning the entire contents of layers store.
[2022-09-08T15:28:08.561] [TRACE] service.config - [getUserSpecificMaps] for undefined
[2022-09-08T15:28:08.561] [TRACE] service.config - [getAvailableMaps] invoked
[2022-09-08T15:28:08.564] [TRACE] service.config - [getMapConfig] AD auth disabled. Getting the entire kommungis map config.
[2022-09-08T15:28:08.566] [TRACE] service.config - [getMapConfig] AD auth disabled. Getting the entire map_1 map config.
[2022-09-08T15:29:00.408] [TRACE] service.config - [getLayersStore] for user undefined
[2022-09-08T15:29:00.416] [TRACE] service.config - [getMapConfig] AD auth disabled. Getting the entire kommungis map config.
[2022-09-08T15:29:00.450] [TRACE] service.config - [getLayersStore] AD auth disabled. Returning the entire contents of layers store.
[2022-09-08T15:29:01.964] [TRACE] service.config - [getUserSpecificMaps] for undefined
[2022-09-08T15:29:01.964] [TRACE] service.config - [getAvailableMaps] invoked
[2022-09-08T15:29:01.968] [TRACE] service.config - [getMapConfig] AD auth disabled. Getting the entire kommungis map config.
[2022-09-08T15:29:01.969] [TRACE] service.config - [getMapConfig] AD auth disabled. Getting the entire map_1 map config.
[2022-09-08T15:29:15.500] [TRACE] service.config - [getLayersStore] for user undefined
[2022-09-08T15:29:15.506] [TRACE] service.config - [getMapConfig] AD auth disabled. Getting the entire kommungis map config.
[2022-09-08T15:29:15.554] [TRACE] service.config - [getLayersStore] AD auth disabled. Returning the entire contents of layers store.
[2022-09-08T15:29:17.097] [TRACE] service.config - [getUserSpecificMaps] for undefined
[2022-09-08T15:29:17.097] [TRACE] service.config - [getAvailableMaps] invoked
[2022-09-08T15:29:17.101] [TRACE] service.config - [getMapConfig] AD auth disabled. Getting the entire kommungis map config.
[2022-09-08T15:29:17.102] [TRACE] service.config - [getMapConfig] AD auth disabled. Getting the entire map_1 map config.
[2022-09-08T15:29:58.649] [TRACE] service.config - [getLayersStore] for user undefined
[2022-09-08T15:29:58.661] [TRACE] service.config - [getMapConfig] AD auth disabled. Getting the entire kommungis map config.
[2022-09-08T15:29:58.695] [TRACE] service.config - [getLayersStore] AD auth disabled. Returning the entire contents of layers store.
[2022-09-08T15:30:00.442] [TRACE] service.config - [getUserSpecificMaps] for undefined
[2022-09-08T15:30:00.442] [TRACE] service.config - [getAvailableMaps] invoked
[2022-09-08T15:30:00.445] [TRACE] service.config - [getMapConfig] AD auth disabled. Getting the entire kommungis map config.
[2022-09-08T15:30:00.447] [TRACE] service.config - [getMapConfig] AD auth disabled. Getting the entire map_1 map config.
[2022-09-08T15:30:47.870] [TRACE] service.config - [getLayersStore] for user undefined
[2022-09-08T15:30:47.879] [TRACE] service.config - [getMapConfig] AD auth disabled. Getting the entire kommungis map config.
[2022-09-08T15:30:47.919] [TRACE] service.config - [getLayersStore] AD auth disabled. Returning the entire contents of layers store.
[2022-09-08T15:30:49.676] [TRACE] service.config - [getUserSpecificMaps] for undefined
[2022-09-08T15:30:49.676] [TRACE] service.config - [getAvailableMaps] invoked
[2022-09-08T15:30:49.679] [TRACE] service.config - [getMapConfig] AD auth disabled. Getting the entire kommungis map config.
[2022-09-08T15:30:49.680] [TRACE] service.config - [getMapConfig] AD auth disabled. Getting the entire map_1 map config.
[2022-09-08T15:31:00.083] [TRACE] service.config - [getLayersStore] for user undefined
[2022-09-08T15:31:00.090] [TRACE] service.config - [getMapConfig] AD auth disabled. Getting the entire kommungis map config.
[2022-09-08T15:31:00.125] [TRACE] service.config - [getLayersStore] AD auth disabled. Returning the entire contents of layers store.
[2022-09-08T15:31:01.631] [TRACE] service.config - [getUserSpecificMaps] for undefined
[2022-09-08T15:31:01.631] [TRACE] service.config - [getAvailableMaps] invoked
[2022-09-08T15:31:01.635] [TRACE] service.config - [getMapConfig] AD auth disabled. Getting the entire kommungis map config.
[2022-09-08T15:31:01.637] [TRACE] service.config - [getMapConfig] AD auth disabled. Getting the entire map_1 map config.
[2022-09-08T15:33:35.900] [TRACE] service.config - [getLayersStore] for user undefined
[2022-09-08T15:33:35.907] [TRACE] service.config - [getMapConfig] AD auth disabled. Getting the entire kommungis map config.
[2022-09-08T15:33:35.949] [TRACE] service.config - [getLayersStore] AD auth disabled. Returning the entire contents of layers store.
[2022-09-08T15:33:37.480] [TRACE] service.config - [getUserSpecificMaps] for undefined
[2022-09-08T15:33:37.480] [TRACE] service.config - [getAvailableMaps] invoked
[2022-09-08T15:33:37.483] [TRACE] service.config - [getMapConfig] AD auth disabled. Getting the entire kommungis map config.
[2022-09-08T15:33:37.485] [TRACE] service.config - [getMapConfig] AD auth disabled. Getting the entire map_1 map config.
[2022-09-08T15:34:20.568] [TRACE] service.config - [getLayersStore] for user undefined
[2022-09-08T15:34:20.576] [TRACE] service.config - [getMapConfig] AD auth disabled. Getting the entire kommungis map config.
[2022-09-08T15:34:20.611] [TRACE] service.config - [getLayersStore] AD auth disabled. Returning the entire contents of layers store.
[2022-09-08T15:34:22.070] [TRACE] service.config - [getUserSpecificMaps] for undefined
[2022-09-08T15:34:22.070] [TRACE] service.config - [getAvailableMaps] invoked
[2022-09-08T15:34:22.075] [TRACE] service.config - [getMapConfig] AD auth disabled. Getting the entire kommungis map config.
[2022-09-08T15:34:22.076] [TRACE] service.config - [getMapConfig] AD auth disabled. Getting the entire map_1 map config.
[2022-09-08T15:34:37.620] [TRACE] service.config - [getLayersStore] for user undefined
[2022-09-08T15:34:37.628] [TRACE] service.config - [getMapConfig] AD auth disabled. Getting the entire kommungis map config.
[2022-09-08T15:34:37.670] [TRACE] service.config - [getLayersStore] AD auth disabled. Returning the entire contents of layers store.
[2022-09-08T15:34:39.392] [TRACE] service.config - [getUserSpecificMaps] for undefined
[2022-09-08T15:34:39.392] [TRACE] service.config - [getAvailableMaps] invoked
[2022-09-08T15:34:39.396] [TRACE] service.config - [getMapConfig] AD auth disabled. Getting the entire kommungis map config.
[2022-09-08T15:34:39.397] [TRACE] service.config - [getMapConfig] AD auth disabled. Getting the entire map_1 map config.
